<?xml version="1.0" encoding="UTF-8"?>
<testng-results skipped="0" failed="0" ignored="0" total="1" passed="1">
  <reporter-output>
  </reporter-output>
  <suite name="Default suite" duration-ms="138214" started-at="2019-07-21T17:17:02Z" finished-at="2019-07-21T17:19:20Z">
    <groups>
    </groups>
    <test name="Default test" duration-ms="138214" started-at="2019-07-21T17:17:02Z" finished-at="2019-07-21T17:19:20Z">
      <class name="ExpediaHW.execute">
        <test-method status="PASS" signature="create()[pri:0, instance:ExpediaHW.execute@457e2f02]" name="create" duration-ms="138186" started-at="2019-07-21T17:17:02Z" finished-at="2019-07-21T17:19:20Z">
          <reporter-output>
          </reporter-output>
        </test-method> <!-- create -->
        <test-method status="PASS" signature="terminate()[pri:0, instance:ExpediaHW.execute@457e2f02]" name="terminate" is-config="true" duration-ms="1330" started-at="2019-07-21T17:19:20Z" finished-at="2019-07-21T17:19:22Z">
          <reporter-output>
          </reporter-output>
        </test-method> <!-- terminate -->
      </class> <!-- ExpediaHW.execute -->
    </test> <!-- Default test -->
  </suite> <!-- Default suite -->
</testng-results>
